# JRE version: Java(TM) SE Runtime Environment (8.0_20-b26) (build 1.8.0_20-b26)
# Java VM: Java HotSpot(TM) 64-Bit Server VM (25.20-b23 mixed mode windows-amd64 compressed oops)
Heap:
 PSYoungGen      total 143872K, used 71620K [0x00000000eab00000, 0x00000000fa400000, 0x0000000100000000)
  eden space 125952K, 45% used [0x00000000eab00000,0x00000000ee383558,0x00000000f2600000)
  from space 17920K, 76% used [0x00000000f2600000,0x00000000f336de80,0x00000000f3780000)
  to   space 26624K, 0% used [0x00000000f8a00000,0x00000000f8a00000,0x00000000fa400000)
 ParOldGen       total 83456K, used 44904K [0x00000000c0000000, 0x00000000c5180000, 0x00000000eab00000)
  object space 83456K, 53% used [0x00000000c0000000,0x00000000c2bda1e0,0x00000000c5180000)
 Metaspace       used 6099K, capacity 7216K, committed 7296K, reserved 1056768K
  class space    used 575K, capacity 616K, committed 640K, reserved 1048576K
GC Heap History (10 events):
Event: 12.016 GC heap before
{Heap before GC invocations=6 (full 0):
 PSYoungGen      total 35328K, used 35300K [0x00000000eab00000, 0x00000000efa00000, 0x0000000100000000)
  eden space 32768K, 100% used [0x00000000eab00000,0x00000000ecb00000,0x00000000ecb00000)
  from space 2560K, 98% used [0x00000000ecb00000,0x00000000ecd79278,0x00000000ecd80000)
  to   space 7680K, 0% used [0x00000000ef280000,0x00000000ef280000,0x00000000efa00000)
 ParOldGen       total 44032K, used 15818K [0x00000000c0000000, 0x00000000c2b00000, 0x00000000eab00000)
  object space 44032K, 35% used [0x00000000c0000000,0x00000000c0f72ae8,0x00000000c2b00000)
 Metaspace       used 5858K, capacity 7088K, committed 7296K, reserved 1056768K
  class space    used 551K, capacity 616K, committed 640K, reserved 1048576K
Event: 12.067 GC heap after
Heap after GC invocations=6 (full 0):
 PSYoungGen      total 72704K, used 7469K [0x00000000eab00000, 0x00000000efb00000, 0x0000000100000000)
  eden space 65024K, 0% used [0x00000000eab00000,0x00000000eab00000,0x00000000eea80000)
  from space 7680K, 97% used [0x00000000ef280000,0x00000000ef9cb798,0x00000000efa00000)
  to   space 8192K, 0% used [0x00000000eea80000,0x00000000eea80000,0x00000000ef280000)
 ParOldGen       total 44032K, used 15818K [0x00000000c0000000, 0x00000000c2b00000, 0x00000000eab00000)
  object space 44032K, 35% used [0x00000000c0000000,0x00000000c0f72ae8,0x00000000c2b00000)
 Metaspace       used 5858K, capacity 7088K, committed 7296K, reserved 1056768K
  class space    used 551K, capacity 616K, committed 640K, reserved 1048576K
}
Event: 14.304 GC heap before
{Heap before GC invocations=7 (full 0):
 PSYoungGen      total 72704K, used 72493K [0x00000000eab00000, 0x00000000efb00000, 0x0000000100000000)
  eden space 65024K, 100% used [0x00000000eab00000,0x00000000eea80000,0x00000000eea80000)
  from space 7680K, 97% used [0x00000000ef280000,0x00000000ef9cb798,0x00000000efa00000)
  to   space 8192K, 0% used [0x00000000eea80000,0x00000000eea80000,0x00000000ef280000)
 ParOldGen       total 44032K, used 15818K [0x00000000c0000000, 0x00000000c2b00000, 0x00000000eab00000)
  object space 44032K, 35% used [0x00000000c0000000,0x00000000c0f72ae8,0x00000000c2b00000)
 Metaspace       used 6049K, capacity 7152K, committed 7296K, reserved 1056768K
  class space    used 574K, capacity 616K, committed 640K, reserved 1048576K
Event: 14.387 GC heap after
Heap after GC invocations=7 (full 0):
 PSYoungGen      total 73216K, used 8187K [0x00000000eab00000, 0x00000000f4500000, 0x0000000100000000)
  eden space 65024K, 0% used [0x00000000eab00000,0x00000000eab00000,0x00000000eea80000)
  from space 8192K, 99% used [0x00000000eea80000,0x00000000ef27ede0,0x00000000ef280000)
  to   space 13824K, 0% used [0x00000000f3780000,0x00000000f3780000,0x00000000f4500000)
 ParOldGen       total 44032K, used 25171K [0x00000000c0000000, 0x00000000c2b00000, 0x00000000eab00000)
  object space 44032K, 57% used [0x00000000c0000000,0x00000000c1894c90,0x00000000c2b00000)
 Metaspace       used 6049K, capacity 7152K, committed 7296K, reserved 1056768K
  class space    used 574K, capacity 616K, committed 640K, reserved 1048576K
}
Event: 16.735 GC heap before
{Heap before GC invocations=8 (full 0):
 PSYoungGen      total 73216K, used 73211K [0x00000000eab00000, 0x00000000f4500000, 0x0000000100000000)
  eden space 65024K, 100% used [0x00000000eab00000,0x00000000eea80000,0x00000000eea80000)
  from space 8192K, 99% used [0x00000000eea80000,0x00000000ef27ede0,0x00000000ef280000)
  to   space 13824K, 0% used [0x00000000f3780000,0x00000000f3780000,0x00000000f4500000)
 ParOldGen       total 44032K, used 25171K [0x00000000c0000000, 0x00000000c2b00000, 0x00000000eab00000)
  object space 44032K, 57% used [0x00000000c0000000,0x00000000c1894c90,0x00000000c2b00000)
 Metaspace       used 6068K, capacity 7152K, committed 7296K, reserved 1056768K
  class space    used 574K, capacity 616K, committed 640K, reserved 1048576K
Event: 17.040 GC heap after
Heap after GC invocations=8 (full 0):
 PSYoungGen      total 139776K, used 13813K [0x00000000eab00000, 0x00000000f4d00000, 0x0000000100000000)
  eden space 125952K, 0% used [0x00000000eab00000,0x00000000eab00000,0x00000000f2600000)
  from space 13824K, 99% used [0x00000000f3780000,0x00000000f44fd6f0,0x00000000f4500000)
  to   space 17920K, 0% used [0x00000000f2600000,0x00000000f2600000,0x00000000f3780000)
 ParOldGen       total 44032K, used 29440K [0x00000000c0000000, 0x00000000c2b00000, 0x00000000eab00000)
  object space 44032K, 66% used [0x00000000c0000000,0x00000000c1cc00b0,0x00000000c2b00000)
 Metaspace       used 6068K, capacity 7152K, committed 7296K, reserved 1056768K
  class space    used 574K, capacity 616K, committed 640K, reserved 1048576K
}
Event: 19.122 GC heap before
{Heap before GC invocations=9 (full 0):
 PSYoungGen      total 139776K, used 139765K [0x00000000eab00000, 0x00000000f4d00000, 0x0000000100000000)
  eden space 125952K, 100% used [0x00000000eab00000,0x00000000f2600000,0x00000000f2600000)
  from space 13824K, 99% used [0x00000000f3780000,0x00000000f44fd6f0,0x00000000f4500000)
  to   space 17920K, 0% used [0x00000000f2600000,0x00000000f2600000,0x00000000f3780000)
 ParOldGen       total 44032K, used 29440K [0x00000000c0000000, 0x00000000c2b00000, 0x00000000eab00000)
  object space 44032K, 66% used [0x00000000c0000000,0x00000000c1cc00b0,0x00000000c2b00000)
 Metaspace       used 6088K, capacity 7216K, committed 7296K, reserved 1056768K
  class space    used 574K, capacity 616K, committed 640K, reserved 1048576K
Event: 19.265 GC heap after
Heap after GC invocations=9 (full 0):
 PSYoungGen      total 143872K, used 17888K [0x00000000eab00000, 0x00000000fa400000, 0x0000000100000000)
  eden space 125952K, 0% used [0x00000000eab00000,0x00000000eab00000,0x00000000f2600000)
  from space 17920K, 99% used [0x00000000f2600000,0x00000000f37783b8,0x00000000f3780000)
  to   space 26624K, 0% used [0x00000000f8a00000,0x00000000f8a00000,0x00000000fa400000)
 ParOldGen       total 45056K, used 44975K [0x00000000c0000000, 0x00000000c2c00000, 0x00000000eab00000)
  object space 45056K, 99% used [0x00000000c0000000,0x00000000c2bebc78,0x00000000c2c00000)
 Metaspace       used 6088K, capacity 7216K, committed 7296K, reserved 1056768K
  class space    used 574K, capacity 616K, committed 640K, reserved 1048576K
}
Event: 19.265 GC heap before
{Heap before GC invocations=10 (full 1):
 PSYoungGen      total 143872K, used 17888K [0x00000000eab00000, 0x00000000fa400000, 0x0000000100000000)
  eden space 125952K, 0% used [0x00000000eab00000,0x00000000eab00000,0x00000000f2600000)
  from space 17920K, 99% used [0x00000000f2600000,0x00000000f37783b8,0x00000000f3780000)
  to   space 26624K, 0% used [0x00000000f8a00000,0x00000000f8a00000,0x00000000fa400000)
 ParOldGen       total 45056K, used 44975K [0x00000000c0000000, 0x00000000c2c00000, 0x00000000eab00000)
  object space 45056K, 99% used [0x00000000c0000000,0x00000000c2bebc78,0x00000000c2c00000)
 Metaspace       used 6088K, capacity 7216K, committed 7296K, reserved 1056768K
  class space    used 574K, capacity 616K, committed 640K, reserved 1048576K
Event: 21.315 GC heap after
Heap after GC invocations=10 (full 1):
 PSYoungGen      total 143872K, used 13751K [0x00000000eab00000, 0x00000000fa400000, 0x0000000100000000)
  eden space 125952K, 0% used [0x00000000eab00000,0x00000000eab00000,0x00000000f2600000)
  from space 17920K, 76% used [0x00000000f2600000,0x00000000f336de80,0x00000000f3780000)
  to   space 26624K, 0% used [0x00000000f8a00000,0x00000000f8a00000,0x00000000fa400000)
 ParOldGen       total 83456K, used 44904K [0x00000000c0000000, 0x00000000c5180000, 0x00000000eab00000)
  object space 83456K, 53% used [0x00000000c0000000,0x00000000c2bda1e0,0x00000000c5180000)
 Metaspace       used 6088K, capacity 7216K, committed 7296K, reserved 1056768K
  class space    used 574K, capacity 616K, committed 640K, reserved 1048576K
}

